<?xml version="1.0" encoding="UTF-8"?>
<coverage generated="1788689848677" clover="3.2.0">
  <project timestamp="1788689848677" name="All files">
    <metrics statements="30" coveredstatements="30" conditionals="8" coveredconditionals="6" methods="11" coveredmethods="11" elements="49" coveredelements="47" complexity="0" loc="30" ncloc="30" packages="1" files="1" classes="1"/>
    <file name="mockApi.ts" path="/Users/shoaibshebi/Movies/ClaudeCodeMe/revolut-interview-prep/src/shared/mockApi.ts">
      <metrics statements="30" coveredstatements="30" conditionals="8" coveredconditionals="6" methods="11" coveredmethods="11"/>
      <line num="10" count="1" type="stmt"/>
      <line num="11" count="3" type="stmt"/>
      <line num="14" count="3" type="stmt"/>
      <line num="15" count="3" type="stmt"/>
      <line num="16" count="3" type="stmt"/>
      <line num="37" count="1" type="cond" truecount="0" falsecount="1"/>
      <line num="38" count="4" type="cond" truecount="2" falsecount="0"/>
      <line num="40" count="4" type="stmt"/>
      <line num="41" count="4" type="cond" truecount="1" falsecount="0"/>
      <line num="42" count="1" type="stmt"/>
      <line num="43" count="1" type="stmt"/>
      <line num="46" count="3" type="stmt"/>
      <line num="47" count="2" type="cond" truecount="1" falsecount="0"/>
      <line num="48" count="1" type="stmt"/>
      <line num="49" count="1" type="stmt"/>
      <line num="51" count="1" type="stmt"/>
      <line num="54" count="3" type="stmt"/>
      <line num="55" count="1" type="stmt"/>
      <line num="56" count="1" type="stmt"/>
      <line num="74" count="1" type="cond" truecount="0" falsecount="1"/>
      <line num="75" count="2" type="stmt"/>
      <line num="76" count="2" type="stmt"/>
      <line num="81" count="1" type="stmt"/>
      <line num="82" count="7" type="stmt"/>
      <line num="86" count="1" type="stmt"/>
      <line num="87" count="6" type="stmt"/>
      <line num="91" count="1" type="stmt"/>
      <line num="92" count="4" type="cond" truecount="1" falsecount="0"/>
      <line num="93" count="3" type="cond" truecount="1" falsecount="0"/>
      <line num="94" count="2" type="stmt"/>
    </file>
  </project>
</coverage>
