{"/Users/shoaibshebi/Movies/ClaudeCodeMe/revolut-interview-prep/src/App.tsx": {"path":"/Users/shoaibshebi/Movies/ClaudeCodeMe/revolut-interview-prep/src/App.tsx","statementMap":{"0":{"start":{"line":1,"column":0},"end":{"line":1,"column":33}},"1":{"start":{"line":2,"column":0},"end":{"line":2,"column":39}},"2":{"start":{"line":3,"column":0},"end":{"line":3,"column":57}},"3":{"start":{"line":4,"column":0},"end":{"line":4,"column":69}},"4":{"start":{"line":5,"column":0},"end":{"line":5,"column":70}},"5":{"start":{"line":6,"column":0},"end":{"line":6,"column":65}},"6":{"start":{"line":7,"column":0},"end":{"line":7,"column":59}},"7":{"start":{"line":14,"column":52},"end":{"line":19,"column":2}},"8":{"start":{"line":22,"column":38},"end":{"line":22,"column":63}},"9":{"start":{"line":24,"column":2},"end":{"line":48,"column":4}},"10":{"start":{"line":29,"column":10},"end":{"line":30,"column":null}},"11":{"start":{"line":31,"column":27},"end":{"line":31,"column":49}},"12":{"start":{"line":51,"column":0},"end":{"line":51,"column":19}}},"fnMap":{"0":{"name":"App","decl":{"start":{"line":21,"column":9},"end":{"line":21,"column":12}},"loc":{"start":{"line":21,"column":12},"end":{"line":49,"column":1}}},"1":{"name":"(anonymous_1)","decl":{"start":{"line":28,"column":19},"end":{"line":28,"column":20}},"loc":{"start":{"line":29,"column":10},"end":{"line":30,"column":null}}},"2":{"name":"(anonymous_2)","decl":{"start":{"line":31,"column":21},"end":{"line":31,"column":24}},"loc":{"start":{"line":31,"column":27},"end":{"line":31,"column":49}}}},"branchMap":{"0":{"loc":{"start":{"line":39,"column":7},"end":{"line":39,"column":70}},"type":"binary-expr","locations":[{"start":{"line":39,"column":7},"end":{"line":39,"column":29}},{"start":{"line":39,"column":33},"end":{"line":39,"column":70}}]},"1":{"loc":{"start":{"line":40,"column":7},"end":{"line":40,"column":50}},"type":"binary-expr","locations":[{"start":{"line":40,"column":7},"end":{"line":40,"column":29}},{"start":{"line":40,"column":33},"end":{"line":40,"column":50}}]},"2":{"loc":{"start":{"line":41,"column":7},"end":{"line":44,"column":null}},"type":"binary-expr","locations":[{"start":{"line":41,"column":7},"end":{"line":41,"column":29}},{"start":{"line":42,"column":8},"end":{"line":43,"column":null}}]},"3":{"loc":{"start":{"line":46,"column":7},"end":{"line":46,"column":65}},"type":"binary-expr","locations":[{"start":{"line":46,"column":7},"end":{"line":46,"column":29}},{"start":{"line":46,"column":33},"end":{"line":46,"column":65}}]}},"s":{"0":0,"1":0,"2":0,"3":0,"4":0,"5":0,"6":0,"7":0,"8":0,"9":0,"10":0,"11":0,"12":0},"f":{"0":0,"1":0,"2":0},"b":{"0":[0,0],"1":[0,0],"2":[0,0],"3":[0,0]}}
,"/Users/shoaibshebi/Movies/ClaudeCodeMe/revolut-interview-prep/src/shared/asyncState.ts": {"path":"/Users/shoaibshebi/Movies/ClaudeCodeMe/revolut-interview-prep/src/shared/asyncState.ts","statementMap":{"0":{"start":{"line":20,"column":20},"end":{"line":20,"column":65}},"1":{"start":{"line":20,"column":46},"end":{"line":20,"column":64}},"2":{"start":{"line":20,"column":13},"end":{"line":20,"column":20}},"3":{"start":{"line":21,"column":23},"end":{"line":21,"column":71}},"4":{"start":{"line":21,"column":49},"end":{"line":21,"column":70}},"5":{"start":{"line":21,"column":13},"end":{"line":21,"column":23}},"6":{"start":{"line":22,"column":23},"end":{"line":22,"column":84}},"7":{"start":{"line":22,"column":56},"end":{"line":22,"column":83}},"8":{"start":{"line":22,"column":13},"end":{"line":22,"column":23}},"9":{"start":{"line":23,"column":23},"end":{"line":23,"column":89}},"10":{"start":{"line":23,"column":62},"end":{"line":23,"column":88}},"11":{"start":{"line":23,"column":13},"end":{"line":23,"column":23}}},"fnMap":{"0":{"name":"(anonymous_0)","decl":{"start":{"line":20,"column":20},"end":{"line":20,"column":42}},"loc":{"start":{"line":20,"column":46},"end":{"line":20,"column":64}}},"1":{"name":"(anonymous_1)","decl":{"start":{"line":21,"column":23},"end":{"line":21,"column":45}},"loc":{"start":{"line":21,"column":49},"end":{"line":21,"column":70}}},"2":{"name":"(anonymous_2)","decl":{"start":{"line":22,"column":23},"end":{"line":22,"column":28}},"loc":{"start":{"line":22,"column":56},"end":{"line":22,"column":83}}},"3":{"name":"(anonymous_3)","decl":{"start":{"line":23,"column":23},"end":{"line":23,"column":24}},"loc":{"start":{"line":23,"column":62},"end":{"line":23,"column":88}}}},"branchMap":{},"s":{"0":4,"1":91,"2":4,"3":4,"4":21,"5":4,"6":4,"7":12,"8":4,"9":4,"10":5,"11":4},"f":{"0":91,"1":21,"2":12,"3":5},"b":{}}
,"/Users/shoaibshebi/Movies/ClaudeCodeMe/revolut-interview-prep/src/shared/mockApi.ts": {"path":"/Users/shoaibshebi/Movies/ClaudeCodeMe/revolut-interview-prep/src/shared/mockApi.ts","statementMap":{"0":{"start":{"line":37,"column":0},"end":{"line":37,"column":16}},"1":{"start":{"line":62,"column":0},"end":{"line":62,"column":16}},"2":{"start":{"line":67,"column":0},"end":{"line":67,"column":16}},"3":{"start":{"line":72,"column":0},"end":{"line":72,"column":16}},"4":{"start":{"line":14,"column":4},"end":{"line":14,"column":19}},"5":{"start":{"line":11,"column":11},"end":{"line":11,"column":null}},"6":{"start":{"line":15,"column":4},"end":{"line":15,"column":27}},"7":{"start":{"line":16,"column":4},"end":{"line":16,"column":25}},"8":{"start":{"line":10,"column":0},"end":{"line":10,"column":13}},"9":{"start":{"line":38,"column":53},"end":{"line":38,"column":60}},"10":{"start":{"line":40,"column":2},"end":{"line":58,"column":5}},"11":{"start":{"line":41,"column":4},"end":{"line":44,"column":5}},"12":{"start":{"line":42,"column":6},"end":{"line":42,"column":56}},"13":{"start":{"line":43,"column":6},"end":{"line":43,"column":13}},"14":{"start":{"line":46,"column":18},"end":{"line":52,"column":15}},"15":{"start":{"line":47,"column":6},"end":{"line":50,"column":7}},"16":{"start":{"line":48,"column":8},"end":{"line":48,"column":71}},"17":{"start":{"line":49,"column":8},"end":{"line":49,"column":15}},"18":{"start":{"line":51,"column":6},"end":{"line":51,"column":20}},"19":{"start":{"line":54,"column":4},"end":{"line":57,"column":7}},"20":{"start":{"line":55,"column":6},"end":{"line":55,"column":26}},"21":{"start":{"line":56,"column":6},"end":{"line":56,"column":56}},"22":{"start":{"line":63,"column":2},"end":{"line":63,"column":35}},"23":{"start":{"line":68,"column":2},"end":{"line":68,"column":32}},"24":{"start":{"line":73,"column":2},"end":{"line":73,"column":46}},"25":{"start":{"line":73,"column":25},"end":{"line":73,"column":46}},"26":{"start":{"line":74,"column":2},"end":{"line":74,"column":43}},"27":{"start":{"line":74,"column":22},"end":{"line":74,"column":43}},"28":{"start":{"line":75,"column":2},"end":{"line":75,"column":51}}},"fnMap":{"0":{"name":"(anonymous_0)","decl":{"start":{"line":13,"column":2},"end":{"line":13,"column":14}},"loc":{"start":{"line":13,"column":45},"end":{"line":17,"column":3}}},"1":{"name":"simulateRequest","decl":{"start":{"line":37,"column":16},"end":{"line":37,"column":31}},"loc":{"start":{"line":37,"column":73},"end":{"line":59,"column":1}}},"2":{"name":"(anonymous_2)","decl":{"start":{"line":40,"column":24},"end":{"line":40,"column":25}},"loc":{"start":{"line":40,"column":44},"end":{"line":58,"column":3}}},"3":{"name":"(anonymous_3)","decl":{"start":{"line":46,"column":29},"end":{"line":46,"column":32}},"loc":{"start":{"line":46,"column":34},"end":{"line":52,"column":5}}},"4":{"name":"(anonymous_4)","decl":{"start":{"line":54,"column":38},"end":{"line":54,"column":41}},"loc":{"start":{"line":54,"column":43},"end":{"line":57,"column":5}}},"5":{"name":"isApiError","decl":{"start":{"line":62,"column":16},"end":{"line":62,"column":26}},"loc":{"start":{"line":62,"column":41},"end":{"line":64,"column":1}}},"6":{"name":"isError","decl":{"start":{"line":67,"column":16},"end":{"line":67,"column":23}},"loc":{"start":{"line":67,"column":38},"end":{"line":69,"column":1}}},"7":{"name":"getErrorMessage","decl":{"start":{"line":72,"column":16},"end":{"line":72,"column":31}},"loc":{"start":{"line":72,"column":46},"end":{"line":76,"column":1}}}},"branchMap":{"0":{"loc":{"start":{"line":37,"column":44},"end":{"line":37,"column":73}},"type":"default-arg","locations":[{"start":{"line":37,"column":71},"end":{"line":37,"column":73}}]},"1":{"loc":{"start":{"line":38,"column":10},"end":{"line":38,"column":23}},"type":"default-arg","locations":[{"start":{"line":38,"column":20},"end":{"line":38,"column":23}}]},"2":{"loc":{"start":{"line":38,"column":25},"end":{"line":38,"column":40}},"type":"default-arg","locations":[{"start":{"line":38,"column":39},"end":{"line":38,"column":40}}]},"3":{"loc":{"start":{"line":41,"column":4},"end":{"line":44,"column":5}},"type":"if","locations":[{"start":{"line":41,"column":4},"end":{"line":44,"column":5}}]},"4":{"loc":{"start":{"line":47,"column":6},"end":{"line":50,"column":7}},"type":"if","locations":[{"start":{"line":47,"column":6},"end":{"line":50,"column":7}}]},"5":{"loc":{"start":{"line":73,"column":2},"end":{"line":73,"column":46}},"type":"if","locations":[{"start":{"line":73,"column":2},"end":{"line":73,"column":46}}]},"6":{"loc":{"start":{"line":74,"column":2},"end":{"line":74,"column":43}},"type":"if","locations":[{"start":{"line":74,"column":2},"end":{"line":74,"column":43}}]}},"s":{"0":10,"1":10,"2":10,"3":10,"4":3,"5":3,"6":3,"7":3,"8":10,"9":4,"10":4,"11":4,"12":1,"13":1,"14":3,"15":2,"16":1,"17":1,"18":1,"19":3,"20":1,"21":1,"22":13,"23":12,"24":10,"25":1,"26":9,"27":7,"28":2},"f":{"0":3,"1":4,"2":4,"3":2,"4":1,"5":13,"6":12,"7":10},"b":{"0":[0],"1":[1],"2":[3],"3":[1],"4":[1],"5":[1],"6":[7]}}
,"/Users/shoaibshebi/Movies/ClaudeCodeMe/revolut-interview-prep/src/task1-fetch-list/TransactionList.tsx": {"path":"/Users/shoaibshebi/Movies/ClaudeCodeMe/revolut-interview-prep/src/task1-fetch-list/TransactionList.tsx","statementMap":{"0":{"start":{"line":14,"column":0},"end":{"line":14,"column":16}},"1":{"start":{"line":1,"column":0},"end":{"line":1,"column":52}},"2":{"start":{"line":15,"column":27},"end":{"line":15,"column":55}},"3":{"start":{"line":17,"column":2},"end":{"line":23,"column":3}},"4":{"start":{"line":18,"column":4},"end":{"line":22,"column":6}},"5":{"start":{"line":25,"column":2},"end":{"line":32,"column":3}},"6":{"start":{"line":26,"column":4},"end":{"line":31,"column":6}},"7":{"start":{"line":36,"column":2},"end":{"line":38,"column":3}},"8":{"start":{"line":37,"column":4},"end":{"line":37,"column":39}},"9":{"start":{"line":40,"column":2},"end":{"line":56,"column":4}},"10":{"start":{"line":52,"column":10},"end":{"line":52,"column":38}},"11":{"start":{"line":60,"column":15},"end":{"line":60,"column":56}},"12":{"start":{"line":61,"column":2},"end":{"line":72,"column":4}}},"fnMap":{"0":{"name":"TransactionList","decl":{"start":{"line":14,"column":16},"end":{"line":14,"column":31}},"loc":{"start":{"line":14,"column":73},"end":{"line":57,"column":1}}},"1":{"name":"(anonymous_1)","decl":{"start":{"line":51,"column":24},"end":{"line":51,"column":25}},"loc":{"start":{"line":52,"column":10},"end":{"line":52,"column":38}}},"2":{"name":"TransactionRow","decl":{"start":{"line":59,"column":9},"end":{"line":59,"column":23}},"loc":{"start":{"line":59,"column":69},"end":{"line":73,"column":1}}}},"branchMap":{"0":{"loc":{"start":{"line":14,"column":34},"end":{"line":14,"column":49}},"type":"default-arg","locations":[{"start":{"line":14,"column":48},"end":{"line":14,"column":49}}]},"1":{"loc":{"start":{"line":17,"column":2},"end":{"line":23,"column":3}},"type":"if","locations":[{"start":{"line":17,"column":2},"end":{"line":23,"column":3}}]},"2":{"loc":{"start":{"line":17,"column":6},"end":{"line":17,"column":59}},"type":"binary-expr","locations":[{"start":{"line":17,"column":6},"end":{"line":17,"column":29}},{"start":{"line":17,"column":33},"end":{"line":17,"column":59}}]},"3":{"loc":{"start":{"line":25,"column":2},"end":{"line":32,"column":3}},"type":"if","locations":[{"start":{"line":25,"column":2},"end":{"line":32,"column":3}}]},"4":{"loc":{"start":{"line":36,"column":2},"end":{"line":38,"column":3}},"type":"if","locations":[{"start":{"line":36,"column":2},"end":{"line":38,"column":3}}]},"5":{"loc":{"start":{"line":60,"column":15},"end":{"line":60,"column":56}},"type":"cond-expr","locations":[{"start":{"line":60,"column":47},"end":{"line":60,"column":50}},{"start":{"line":60,"column":53},"end":{"line":60,"column":56}}]},"6":{"loc":{"start":{"line":69,"column":9},"end":{"line":69,"column":57}},"type":"binary-expr","locations":[{"start":{"line":69,"column":9},"end":{"line":69,"column":41}},{"start":{"line":69,"column":45},"end":{"line":69,"column":57}}]}},"s":{"0":1,"1":1,"2":13,"3":13,"4":9,"5":4,"6":1,"7":3,"8":1,"9":2,"10":3,"11":3,"12":3},"f":{"0":13,"1":3,"2":3},"b":{"0":[13],"1":[9],"2":[13,9],"3":[1],"4":[1],"5":[3,0],"6":[3,0]}}
,"/Users/shoaibshebi/Movies/ClaudeCodeMe/revolut-interview-prep/src/task1-fetch-list/api.ts": {"path":"/Users/shoaibshebi/Movies/ClaudeCodeMe/revolut-interview-prep/src/task1-fetch-list/api.ts","statementMap":{"0":{"start":{"line":21,"column":0},"end":{"line":21,"column":16}},"1":{"start":{"line":1,"column":0},"end":{"line":1,"column":52}},"2":{"start":{"line":4,"column":41},"end":{"line":9,"column":2}},"3":{"start":{"line":25,"column":2},"end":{"line":25,"column":83}}},"fnMap":{"0":{"name":"fetchTransactions","decl":{"start":{"line":21,"column":16},"end":{"line":21,"column":33}},"loc":{"start":{"line":24,"column":32},"end":{"line":26,"column":1}}}},"branchMap":{"0":{"loc":{"start":{"line":21,"column":34},"end":{"line":24,"column":32}},"type":"default-arg","locations":[{"start":{"line":24,"column":30},"end":{"line":24,"column":32}}]},"1":{"loc":{"start":{"line":23,"column":2},"end":{"line":23,"column":17}},"type":"default-arg","locations":[{"start":{"line":23,"column":16},"end":{"line":23,"column":17}}]}},"s":{"0":2,"1":2,"2":2,"3":0},"f":{"0":0},"b":{"0":[0],"1":[0]}}
,"/Users/shoaibshebi/Movies/ClaudeCodeMe/revolut-interview-prep/src/task1-fetch-list/useTransactions.ts": {"path":"/Users/shoaibshebi/Movies/ClaudeCodeMe/revolut-interview-prep/src/task1-fetch-list/useTransactions.ts","statementMap":{"0":{"start":{"line":13,"column":0},"end":{"line":13,"column":16}},"1":{"start":{"line":1,"column":0},"end":{"line":1,"column":65}},"2":{"start":{"line":2,"column":0},"end":{"line":2,"column":88}},"3":{"start":{"line":3,"column":0},"end":{"line":3,"column":52}},"4":{"start":{"line":4,"column":0},"end":{"line":4,"column":42}},"5":{"start":{"line":14,"column":28},"end":{"line":14,"column":71}},"6":{"start":{"line":18,"column":29},"end":{"line":18,"column":65}},"7":{"start":{"line":20,"column":15},"end":{"line":37,"column":19}},"8":{"start":{"line":23,"column":4},"end":{"line":23,"column":40}},"9":{"start":{"line":24,"column":23},"end":{"line":24,"column":44}},"10":{"start":{"line":25,"column":4},"end":{"line":25,"column":44}},"11":{"start":{"line":27,"column":4},"end":{"line":27,"column":24}},"12":{"start":{"line":29,"column":4},"end":{"line":36,"column":9}},"13":{"start":{"line":30,"column":22},"end":{"line":30,"column":45}},"14":{"start":{"line":34,"column":8},"end":{"line":34,"column":81}},"15":{"start":{"line":34,"column":74},"end":{"line":34,"column":81}},"16":{"start":{"line":35,"column":8},"end":{"line":35,"column":50}},"17":{"start":{"line":39,"column":2},"end":{"line":43,"column":13}},"18":{"start":{"line":40,"column":4},"end":{"line":40,"column":11}},"19":{"start":{"line":42,"column":4},"end":{"line":42,"column":53}},"20":{"start":{"line":42,"column":17},"end":{"line":42,"column":52}},"21":{"start":{"line":45,"column":2},"end":{"line":45,"column":32}}},"fnMap":{"0":{"name":"useTransactions","decl":{"start":{"line":13,"column":16},"end":{"line":13,"column":31}},"loc":{"start":{"line":13,"column":47},"end":{"line":46,"column":1}}},"1":{"name":"(anonymous_1)","decl":{"start":{"line":20,"column":27},"end":{"line":20,"column":30}},"loc":{"start":{"line":20,"column":32},"end":{"line":37,"column":3}}},"2":{"name":"(anonymous_2)","decl":{"start":{"line":30,"column":12},"end":{"line":30,"column":13}},"loc":{"start":{"line":30,"column":22},"end":{"line":30,"column":45}}},"3":{"name":"(anonymous_3)","decl":{"start":{"line":31,"column":13},"end":{"line":31,"column":14}},"loc":{"start":{"line":31,"column":32},"end":{"line":36,"column":7}}},"4":{"name":"(anonymous_4)","decl":{"start":{"line":39,"column":12},"end":{"line":39,"column":15}},"loc":{"start":{"line":39,"column":17},"end":{"line":43,"column":3}}},"5":{"name":"(anonymous_5)","decl":{"start":{"line":42,"column":11},"end":{"line":42,"column":14}},"loc":{"start":{"line":42,"column":17},"end":{"line":42,"column":52}}}},"branchMap":{"0":{"loc":{"start":{"line":13,"column":32},"end":{"line":13,"column":47}},"type":"default-arg","locations":[{"start":{"line":13,"column":46},"end":{"line":13,"column":47}}]},"1":{"loc":{"start":{"line":34,"column":8},"end":{"line":34,"column":81}},"type":"if","locations":[{"start":{"line":34,"column":8},"end":{"line":34,"column":81}}]},"2":{"loc":{"start":{"line":34,"column":12},"end":{"line":34,"column":72}},"type":"binary-expr","locations":[{"start":{"line":34,"column":12},"end":{"line":34,"column":41}},{"start":{"line":34,"column":45},"end":{"line":34,"column":72}}]}},"s":{"0":2,"1":2,"2":2,"3":2,"4":2,"5":27,"6":27,"7":27,"8":10,"9":10,"10":10,"11":10,"12":10,"13":6,"14":3,"15":0,"16":3,"17":27,"18":8,"19":8,"20":8,"21":27},"f":{"0":27,"1":10,"2":6,"3":3,"4":8,"5":8},"b":{"0":[14],"1":[0],"2":[3,0]}}
,"/Users/shoaibshebi/Movies/ClaudeCodeMe/revolut-interview-prep/src/task2-form-validation/SendMoneyForm.tsx": {"path":"/Users/shoaibshebi/Movies/ClaudeCodeMe/revolut-interview-prep/src/task2-form-validation/SendMoneyForm.tsx","statementMap":{"0":{"start":{"line":7,"column":0},"end":{"line":7,"column":16}},"1":{"start":{"line":2,"column":0},"end":{"line":2,"column":54}},"2":{"start":{"line":5,"column":35},"end":{"line":5,"column":63}},"3":{"start":{"line":8,"column":82},"end":{"line":8,"column":100}},"4":{"start":{"line":13,"column":27},"end":{"line":15,"column":3}},"5":{"start":{"line":13,"column":76},"end":{"line":15,"column":3}},"6":{"start":{"line":14,"column":4},"end":{"line":14,"column":36}},"7":{"start":{"line":17,"column":23},"end":{"line":20,"column":3}},"8":{"start":{"line":18,"column":4},"end":{"line":18,"column":23}},"9":{"start":{"line":19,"column":4},"end":{"line":19,"column":18}},"10":{"start":{"line":22,"column":2},"end":{"line":31,"column":3}},"11":{"start":{"line":23,"column":4},"end":{"line":30,"column":6}},"12":{"start":{"line":33,"column":2},"end":{"line":89,"column":4}},"13":{"start":{"line":67,"column":27},"end":{"line":67,"column":79}},"14":{"start":{"line":70,"column":12},"end":{"line":70,"column":31}}},"fnMap":{"0":{"name":"SendMoneyForm","decl":{"start":{"line":7,"column":16},"end":{"line":7,"column":29}},"loc":{"start":{"line":7,"column":29},"end":{"line":90,"column":1}}},"1":{"name":"(anonymous_1)","decl":{"start":{"line":13,"column":27},"end":{"line":13,"column":28}},"loc":{"start":{"line":13,"column":76},"end":{"line":15,"column":3}}},"2":{"name":"(anonymous_2)","decl":{"start":{"line":13,"column":76},"end":{"line":13,"column":77}},"loc":{"start":{"line":13,"column":113},"end":{"line":15,"column":3}}},"3":{"name":"(anonymous_3)","decl":{"start":{"line":17,"column":23},"end":{"line":17,"column":24}},"loc":{"start":{"line":17,"column":57},"end":{"line":20,"column":3}}},"4":{"name":"(anonymous_4)","decl":{"start":{"line":67,"column":20},"end":{"line":67,"column":21}},"loc":{"start":{"line":67,"column":27},"end":{"line":67,"column":79}}},"5":{"name":"(anonymous_5)","decl":{"start":{"line":69,"column":26},"end":{"line":69,"column":27}},"loc":{"start":{"line":70,"column":12},"end":{"line":70,"column":31}}}},"branchMap":{"0":{"loc":{"start":{"line":22,"column":2},"end":{"line":31,"column":3}},"type":"if","locations":[{"start":{"line":22,"column":2},"end":{"line":31,"column":3}}]},"1":{"loc":{"start":{"line":43,"column":28},"end":{"line":43,"column":86}},"type":"cond-expr","locations":[{"start":{"line":43,"column":52},"end":{"line":43,"column":74}},{"start":{"line":43,"column":77},"end":{"line":43,"column":86}}]},"2":{"loc":{"start":{"line":45,"column":9},"end":{"line":45,"column":96}},"type":"binary-expr","locations":[{"start":{"line":45,"column":9},"end":{"line":45,"column":30}},{"start":{"line":45,"column":34},"end":{"line":45,"column":96}}]},"3":{"loc":{"start":{"line":57,"column":28},"end":{"line":57,"column":70}},"type":"cond-expr","locations":[{"start":{"line":57,"column":44},"end":{"line":57,"column":58}},{"start":{"line":57,"column":61},"end":{"line":57,"column":70}}]},"4":{"loc":{"start":{"line":59,"column":9},"end":{"line":59,"column":72}},"type":"binary-expr","locations":[{"start":{"line":59,"column":9},"end":{"line":59,"column":22}},{"start":{"line":59,"column":26},"end":{"line":59,"column":72}}]},"5":{"loc":{"start":{"line":80,"column":9},"end":{"line":80,"column":50}},"type":"binary-expr","locations":[{"start":{"line":80,"column":9},"end":{"line":80,"column":20}},{"start":{"line":80,"column":24},"end":{"line":80,"column":50}}]},"6":{"loc":{"start":{"line":83,"column":7},"end":{"line":83,"column":59}},"type":"binary-expr","locations":[{"start":{"line":83,"column":7},"end":{"line":83,"column":18}},{"start":{"line":83,"column":22},"end":{"line":83,"column":59}}]},"7":{"loc":{"start":{"line":86,"column":9},"end":{"line":86,"column":51}},"type":"cond-expr","locations":[{"start":{"line":86,"column":24},"end":{"line":86,"column":36}},{"start":{"line":86,"column":39},"end":{"line":86,"column":51}}]}},"s":{"0":1,"1":1,"2":1,"3":63,"4":63,"5":186,"6":54,"7":63,"8":3,"9":3,"10":63,"11":1,"12":62,"13":0,"14":248},"f":{"0":63,"1":186,"2":54,"3":3,"4":0,"5":248},"b":{"0":[1],"1":[43,19],"2":[62,43],"3":[1,61],"4":[62,1],"5":[62,0],"6":[62,1],"7":[2,60]}}
,"/Users/shoaibshebi/Movies/ClaudeCodeMe/revolut-interview-prep/src/task2-form-validation/api.ts": {"path":"/Users/shoaibshebi/Movies/ClaudeCodeMe/revolut-interview-prep/src/task2-form-validation/api.ts","statementMap":{"0":{"start":{"line":6,"column":0},"end":{"line":6,"column":16}},"1":{"start":{"line":1,"column":0},"end":{"line":1,"column":52}},"2":{"start":{"line":4,"column":20},"end":{"line":4,"column":24}},"3":{"start":{"line":10,"column":17},"end":{"line":10,"column":38}},"4":{"start":{"line":11,"column":34},"end":{"line":15,"column":4}},"5":{"start":{"line":17,"column":2},"end":{"line":17,"column":114}}},"fnMap":{"0":{"name":"submitSendMoney","decl":{"start":{"line":6,"column":16},"end":{"line":6,"column":31}},"loc":{"start":{"line":8,"column":62},"end":{"line":18,"column":1}}}},"branchMap":{"0":{"loc":{"start":{"line":8,"column":2},"end":{"line":8,"column":62}},"type":"default-arg","locations":[{"start":{"line":8,"column":60},"end":{"line":8,"column":62}}]},"1":{"loc":{"start":{"line":17,"column":62},"end":{"line":17,"column":86}},"type":"binary-expr","locations":[{"start":{"line":17,"column":62},"end":{"line":17,"column":81}},{"start":{"line":17,"column":85},"end":{"line":17,"column":86}}]}},"s":{"0":1,"1":1,"2":1,"3":0,"4":0,"5":0},"f":{"0":0},"b":{"0":[0],"1":[0,0]}}
,"/Users/shoaibshebi/Movies/ClaudeCodeMe/revolut-interview-prep/src/task2-form-validation/useSendMoneyForm.ts": {"path":"/Users/shoaibshebi/Movies/ClaudeCodeMe/revolut-interview-prep/src/task2-form-validation/useSendMoneyForm.ts","statementMap":{"0":{"start":{"line":27,"column":0},"end":{"line":27,"column":16}},"1":{"start":{"line":1,"column":0},"end":{"line":1,"column":46}},"2":{"start":{"line":2,"column":0},"end":{"line":2,"column":52}},"3":{"start":{"line":3,"column":0},"end":{"line":3,"column":40}},"4":{"start":{"line":4,"column":0},"end":{"line":4,"column":71}},"5":{"start":{"line":7,"column":43},"end":{"line":12,"column":2}},"6":{"start":{"line":28,"column":28},"end":{"line":34,"column":4}},"7":{"start":{"line":37,"column":19},"end":{"line":47,"column":8}},"8":{"start":{"line":38,"column":4},"end":{"line":46,"column":7}},"9":{"start":{"line":39,"column":21},"end":{"line":39,"column":55}},"10":{"start":{"line":40,"column":20},"end":{"line":40,"column":48}},"11":{"start":{"line":41,"column":6},"end":{"line":45,"column":8}},"12":{"start":{"line":52,"column":17},"end":{"line":70,"column":40}},"13":{"start":{"line":53,"column":19},"end":{"line":53,"column":44}},"14":{"start":{"line":55,"column":4},"end":{"line":58,"column":5}},"15":{"start":{"line":56,"column":6},"end":{"line":56,"column":48}},"16":{"start":{"line":56,"column":26},"end":{"line":56,"column":45}},"17":{"start":{"line":57,"column":6},"end":{"line":57,"column":13}},"18":{"start":{"line":61,"column":4},"end":{"line":61,"column":35}},"19":{"start":{"line":61,"column":28},"end":{"line":61,"column":35}},"20":{"start":{"line":62,"column":4},"end":{"line":62,"column":89}},"21":{"start":{"line":62,"column":24},"end":{"line":62,"column":86}},"22":{"start":{"line":64,"column":4},"end":{"line":69,"column":5}},"23":{"start":{"line":65,"column":21},"end":{"line":65,"column":56}},"24":{"start":{"line":66,"column":6},"end":{"line":66,"column":104}},"25":{"start":{"line":66,"column":26},"end":{"line":66,"column":101}},"26":{"start":{"line":68,"column":6},"end":{"line":68,"column":98}},"27":{"start":{"line":68,"column":26},"end":{"line":68,"column":95}},"28":{"start":{"line":72,"column":2},"end":{"line":72,"column":40}}},"fnMap":{"0":{"name":"useSendMoneyForm","decl":{"start":{"line":27,"column":16},"end":{"line":27,"column":32}},"loc":{"start":{"line":27,"column":32},"end":{"line":73,"column":1}}},"1":{"name":"(anonymous_1)","decl":{"start":{"line":37,"column":31},"end":{"line":37,"column":69}},"loc":{"start":{"line":37,"column":112},"end":{"line":47,"column":3}}},"2":{"name":"(anonymous_2)","decl":{"start":{"line":38,"column":13},"end":{"line":38,"column":14}},"loc":{"start":{"line":38,"column":22},"end":{"line":46,"column":5}}},"3":{"name":"(anonymous_3)","decl":{"start":{"line":52,"column":29},"end":{"line":52,"column":34}},"loc":{"start":{"line":52,"column":40},"end":{"line":70,"column":3}}},"4":{"name":"(anonymous_4)","decl":{"start":{"line":56,"column":15},"end":{"line":56,"column":16}},"loc":{"start":{"line":56,"column":26},"end":{"line":56,"column":45}}},"5":{"name":"(anonymous_5)","decl":{"start":{"line":62,"column":13},"end":{"line":62,"column":14}},"loc":{"start":{"line":62,"column":24},"end":{"line":62,"column":86}}},"6":{"name":"(anonymous_6)","decl":{"start":{"line":66,"column":15},"end":{"line":66,"column":16}},"loc":{"start":{"line":66,"column":26},"end":{"line":66,"column":101}}},"7":{"name":"(anonymous_7)","decl":{"start":{"line":68,"column":15},"end":{"line":68,"column":16}},"loc":{"start":{"line":68,"column":26},"end":{"line":68,"column":95}}}},"branchMap":{"0":{"loc":{"start":{"line":55,"column":4},"end":{"line":58,"column":5}},"type":"if","locations":[{"start":{"line":55,"column":4},"end":{"line":58,"column":5}}]},"1":{"loc":{"start":{"line":61,"column":4},"end":{"line":61,"column":35}},"type":"if","locations":[{"start":{"line":61,"column":4},"end":{"line":61,"column":35}}]}},"s":{"0":1,"1":1,"2":1,"3":1,"4":1,"5":1,"6":63,"7":63,"8":54,"9":54,"10":54,"11":54,"12":63,"13":3,"14":3,"15":1,"16":1,"17":1,"18":2,"19":0,"20":2,"21":2,"22":2,"23":2,"24":1,"25":1,"26":1,"27":1,"28":63},"f":{"0":63,"1":54,"2":54,"3":3,"4":1,"5":2,"6":1,"7":1},"b":{"0":[1],"1":[0]}}
,"/Users/shoaibshebi/Movies/ClaudeCodeMe/revolut-interview-prep/src/task2-form-validation/validation.ts": {"path":"/Users/shoaibshebi/Movies/ClaudeCodeMe/revolut-interview-prep/src/task2-form-validation/validation.ts","statementMap":{"0":{"start":{"line":14,"column":0},"end":{"line":14,"column":16}},"1":{"start":{"line":19,"column":0},"end":{"line":19,"column":16}},"2":{"start":{"line":28,"column":0},"end":{"line":28,"column":16}},"3":{"start":{"line":53,"column":0},"end":{"line":53,"column":16}},"4":{"start":{"line":63,"column":0},"end":{"line":63,"column":16}},"5":{"start":{"line":3,"column":22},"end":{"line":3,"column":50}},"6":{"start":{"line":4,"column":19},"end":{"line":4,"column":25}},"7":{"start":{"line":15,"column":17},"end":{"line":15,"column":30}},"8":{"start":{"line":16,"column":2},"end":{"line":16,"column":94}},"9":{"start":{"line":20,"column":2},"end":{"line":20,"column":35}},"10":{"start":{"line":29,"column":2},"end":{"line":49,"column":3}},"11":{"start":{"line":31,"column":6},"end":{"line":31,"column":78}},"12":{"start":{"line":31,"column":41},"end":{"line":31,"column":78}},"13":{"start":{"line":32,"column":6},"end":{"line":32,"column":85}},"14":{"start":{"line":32,"column":48},"end":{"line":32,"column":85}},"15":{"start":{"line":33,"column":6},"end":{"line":33,"column":23}},"16":{"start":{"line":36,"column":6},"end":{"line":36,"column":61}},"17":{"start":{"line":36,"column":33},"end":{"line":36,"column":61}},"18":{"start":{"line":37,"column":6},"end":{"line":37,"column":94}},"19":{"start":{"line":37,"column":41},"end":{"line":37,"column":94}},"20":{"start":{"line":38,"column":6},"end":{"line":38,"column":23}},"21":{"start":{"line":41,"column":6},"end":{"line":41,"column":63}},"22":{"start":{"line":45,"column":6},"end":{"line":45,"column":91}},"23":{"start":{"line":48,"column":6},"end":{"line":48,"column":23}},"24":{"start":{"line":54,"column":29},"end":{"line":54,"column":31}},"25":{"start":{"line":55,"column":3},"end":{"line":58,"column":5}},"26":{"start":{"line":56,"column":18},"end":{"line":56,"column":46}},"27":{"start":{"line":57,"column":4},"end":{"line":57,"column":37}},"28":{"start":{"line":57,"column":15},"end":{"line":57,"column":37}},"29":{"start":{"line":59,"column":2},"end":{"line":59,"column":16}},"30":{"start":{"line":64,"column":2},"end":{"line":64,"column":60}},"31":{"start":{"line":64,"column":50},"end":{"line":64,"column":58}}},"fnMap":{"0":{"name":"isValidAmount","decl":{"start":{"line":14,"column":16},"end":{"line":14,"column":29}},"loc":{"start":{"line":14,"column":43},"end":{"line":17,"column":1}}},"1":{"name":"isValidEmail","decl":{"start":{"line":19,"column":16},"end":{"line":19,"column":28}},"loc":{"start":{"line":19,"column":42},"end":{"line":21,"column":1}}},"2":{"name":"validateField","decl":{"start":{"line":28,"column":16},"end":{"line":28,"column":29}},"loc":{"start":{"line":28,"column":91},"end":{"line":50,"column":1}}},"3":{"name":"validateAll","decl":{"start":{"line":53,"column":16},"end":{"line":53,"column":27}},"loc":{"start":{"line":53,"column":55},"end":{"line":60,"column":1}}},"4":{"name":"(anonymous_4)","decl":{"start":{"line":55,"column":68},"end":{"line":55,"column":69}},"loc":{"start":{"line":55,"column":78},"end":{"line":58,"column":3}}},"5":{"name":"isFormValid","decl":{"start":{"line":63,"column":16},"end":{"line":63,"column":27}},"loc":{"start":{"line":63,"column":46},"end":{"line":65,"column":1}}},"6":{"name":"(anonymous_6)","decl":{"start":{"line":64,"column":37},"end":{"line":64,"column":38}},"loc":{"start":{"line":64,"column":50},"end":{"line":64,"column":58}}}},"branchMap":{"0":{"loc":{"start":{"line":16,"column":9},"end":{"line":16,"column":93}},"type":"binary-expr","locations":[{"start":{"line":16,"column":9},"end":{"line":16,"column":28}},{"start":{"line":16,"column":32},"end":{"line":16,"column":55}},{"start":{"line":16,"column":59},"end":{"line":16,"column":69}},{"start":{"line":16,"column":73},"end":{"line":16,"column":93}}]},"1":{"loc":{"start":{"line":29,"column":2},"end":{"line":49,"column":3}},"type":"switch","locations":[{"start":{"line":30,"column":4},"end":{"line":33,"column":23}},{"start":{"line":35,"column":4},"end":{"line":38,"column":23}},{"start":{"line":40,"column":4},"end":{"line":41,"column":63}},{"start":{"line":43,"column":4},"end":{"line":45,"column":91}},{"start":{"line":47,"column":4},"end":{"line":48,"column":23}}]},"2":{"loc":{"start":{"line":31,"column":6},"end":{"line":31,"column":78}},"type":"if","locations":[{"start":{"line":31,"column":6},"end":{"line":31,"column":78}}]},"3":{"loc":{"start":{"line":32,"column":6},"end":{"line":32,"column":85}},"type":"if","locations":[{"start":{"line":32,"column":6},"end":{"line":32,"column":85}}]},"4":{"loc":{"start":{"line":36,"column":6},"end":{"line":36,"column":61}},"type":"if","locations":[{"start":{"line":36,"column":6},"end":{"line":36,"column":61}}]},"5":{"loc":{"start":{"line":37,"column":6},"end":{"line":37,"column":94}},"type":"if","locations":[{"start":{"line":37,"column":6},"end":{"line":37,"column":94}}]},"6":{"loc":{"start":{"line":41,"column":13},"end":{"line":41,"column":62}},"type":"cond-expr","locations":[{"start":{"line":41,"column":31},"end":{"line":41,"column":40}},{"start":{"line":41,"column":43},"end":{"line":41,"column":62}}]},"7":{"loc":{"start":{"line":45,"column":13},"end":{"line":45,"column":90}},"type":"cond-expr","locations":[{"start":{"line":45,"column":40},"end":{"line":45,"column":78}},{"start":{"line":45,"column":81},"end":{"line":45,"column":90}}]},"8":{"loc":{"start":{"line":57,"column":4},"end":{"line":57,"column":37}},"type":"if","locations":[{"start":{"line":57,"column":4},"end":{"line":57,"column":37}}]}},"s":{"0":2,"1":2,"2":2,"3":2,"4":2,"5":2,"6":2,"7":19,"8":19,"9":58,"10":78,"11":55,"12":3,"13":52,"14":43,"15":9,"16":12,"17":1,"18":11,"19":1,"20":10,"21":5,"22":6,"23":0,"24":5,"25":5,"26":20,"27":20,"28":4,"29":5,"30":5,"31":2},"f":{"0":19,"1":58,"2":78,"3":5,"4":20,"5":5,"6":2},"b":{"0":[19,18,17,14],"1":[55,12,5,6,0],"2":[3],"3":[43],"4":[1],"5":[1],"6":[5,0],"7":[1,5],"8":[4]}}
,"/Users/shoaibshebi/Movies/ClaudeCodeMe/revolut-interview-prep/src/task3-global-state/WatchlistApp.tsx": {"path":"/Users/shoaibshebi/Movies/ClaudeCodeMe/revolut-interview-prep/src/task3-global-state/WatchlistApp.tsx","statementMap":{"0":{"start":{"line":12,"column":0},"end":{"line":12,"column":16}},"1":{"start":{"line":1,"column":0},"end":{"line":1,"column":49}},"2":{"start":{"line":2,"column":0},"end":{"line":2,"column":63}},"3":{"start":{"line":3,"column":0},"end":{"line":3,"column":65}},"4":{"start":{"line":4,"column":0},"end":{"line":4,"column":102}},"5":{"start":{"line":13,"column":2},"end":{"line":19,"column":4}},"6":{"start":{"line":26,"column":16},"end":{"line":26,"column":52}},"7":{"start":{"line":27,"column":18},"end":{"line":27,"column":52}},"8":{"start":{"line":29,"column":2},"end":{"line":33,"column":4}},"9":{"start":{"line":37,"column":19},"end":{"line":37,"column":35}},"10":{"start":{"line":38,"column":30},"end":{"line":38,"column":42}},"11":{"start":{"line":39,"column":28},"end":{"line":39,"column":40}},"12":{"start":{"line":41,"column":23},"end":{"line":49,"column":3}},"13":{"start":{"line":42,"column":4},"end":{"line":42,"column":23}},"14":{"start":{"line":43,"column":24},"end":{"line":43,"column":37}},"15":{"start":{"line":44,"column":4},"end":{"line":44,"column":84}},"16":{"start":{"line":44,"column":77},"end":{"line":44,"column":84}},"17":{"start":{"line":46,"column":4},"end":{"line":46,"column":103}},"18":{"start":{"line":47,"column":4},"end":{"line":47,"column":18}},"19":{"start":{"line":48,"column":4},"end":{"line":48,"column":17}},"20":{"start":{"line":51,"column":2},"end":{"line":61,"column":4}},"21":{"start":{"line":54,"column":57},"end":{"line":54,"column":82}},"22":{"start":{"line":57,"column":55},"end":{"line":57,"column":79}},"23":{"start":{"line":65,"column":16},"end":{"line":65,"column":55}},"24":{"start":{"line":66,"column":19},"end":{"line":66,"column":35}},"25":{"start":{"line":68,"column":2},"end":{"line":70,"column":3}},"26":{"start":{"line":69,"column":4},"end":{"line":69,"column":70}},"27":{"start":{"line":72,"column":2},"end":{"line":87,"column":4}},"28":{"start":{"line":76,"column":10},"end":{"line":76,"column":null}},"29":{"start":{"line":81,"column":37},"end":{"line":81,"column":84}}},"fnMap":{"0":{"name":"WatchlistApp","decl":{"start":{"line":12,"column":16},"end":{"line":12,"column":28}},"loc":{"start":{"line":12,"column":28},"end":{"line":20,"column":1}}},"1":{"name":"WatchlistSummary","decl":{"start":{"line":22,"column":9},"end":{"line":22,"column":25}},"loc":{"start":{"line":22,"column":25},"end":{"line":34,"column":1}}},"2":{"name":"AddSymbolForm","decl":{"start":{"line":36,"column":9},"end":{"line":36,"column":22}},"loc":{"start":{"line":36,"column":22},"end":{"line":62,"column":1}}},"3":{"name":"(anonymous_3)","decl":{"start":{"line":41,"column":23},"end":{"line":41,"column":24}},"loc":{"start":{"line":41,"column":57},"end":{"line":49,"column":3}}},"4":{"name":"(anonymous_4)","decl":{"start":{"line":54,"column":50},"end":{"line":54,"column":51}},"loc":{"start":{"line":54,"column":57},"end":{"line":54,"column":82}}},"5":{"name":"(anonymous_5)","decl":{"start":{"line":57,"column":48},"end":{"line":57,"column":49}},"loc":{"start":{"line":57,"column":55},"end":{"line":57,"column":79}}},"6":{"name":"WatchlistTable","decl":{"start":{"line":64,"column":9},"end":{"line":64,"column":23}},"loc":{"start":{"line":64,"column":23},"end":{"line":88,"column":1}}},"7":{"name":"(anonymous_7)","decl":{"start":{"line":75,"column":19},"end":{"line":75,"column":20}},"loc":{"start":{"line":76,"column":10},"end":{"line":76,"column":null}}},"8":{"name":"(anonymous_8)","decl":{"start":{"line":81,"column":31},"end":{"line":81,"column":34}},"loc":{"start":{"line":81,"column":37},"end":{"line":81,"column":84}}}},"branchMap":{"0":{"loc":{"start":{"line":31,"column":28},"end":{"line":31,"column":50}},"type":"cond-expr","locations":[{"start":{"line":31,"column":42},"end":{"line":31,"column":44}},{"start":{"line":31,"column":47},"end":{"line":31,"column":50}}]},"1":{"loc":{"start":{"line":44,"column":4},"end":{"line":44,"column":84}},"type":"if","locations":[{"start":{"line":44,"column":4},"end":{"line":44,"column":84}}]},"2":{"loc":{"start":{"line":44,"column":8},"end":{"line":44,"column":75}},"type":"binary-expr","locations":[{"start":{"line":44,"column":8},"end":{"line":44,"column":22}},{"start":{"line":44,"column":26},"end":{"line":44,"column":55}},{"start":{"line":44,"column":59},"end":{"line":44,"column":75}}]},"3":{"loc":{"start":{"line":68,"column":2},"end":{"line":70,"column":3}},"type":"if","locations":[{"start":{"line":68,"column":2},"end":{"line":70,"column":3}}]},"4":{"loc":{"start":{"line":79,"column":27},"end":{"line":79,"column":76}},"type":"cond-expr","locations":[{"start":{"line":79,"column":53},"end":{"line":79,"column":63}},{"start":{"line":79,"column":66},"end":{"line":79,"column":76}}]}},"s":{"0":1,"1":1,"2":1,"3":1,"4":1,"5":4,"6":7,"7":7,"8":7,"9":37,"10":37,"11":37,"12":37,"13":2,"14":2,"15":2,"16":1,"17":1,"18":1,"19":1,"20":37,"21":14,"22":18,"23":7,"24":7,"25":7,"26":1,"27":6,"28":12,"29":2},"f":{"0":4,"1":7,"2":37,"3":2,"4":14,"5":18,"6":7,"7":12,"8":2},"b":{"0":[1,6],"1":[1],"2":[2,2,1],"3":[1],"4":[6,6]}}
,"/Users/shoaibshebi/Movies/ClaudeCodeMe/revolut-interview-prep/src/task3-global-state/store/hooks.ts": {"path":"/Users/shoaibshebi/Movies/ClaudeCodeMe/revolut-interview-prep/src/task3-global-state/store/hooks.ts","statementMap":{"0":{"start":{"line":1,"column":0},"end":{"line":1,"column":82}},"1":{"start":{"line":11,"column":30},"end":{"line":11,"column":62}},"2":{"start":{"line":11,"column":36},"end":{"line":11,"column":62}},"3":{"start":{"line":11,"column":13},"end":{"line":11,"column":30}},"4":{"start":{"line":12,"column":13},"end":{"line":12,"column":75}}},"fnMap":{"0":{"name":"(anonymous_0)","decl":{"start":{"line":11,"column":30},"end":{"line":11,"column":33}},"loc":{"start":{"line":11,"column":36},"end":{"line":11,"column":62}}}},"branchMap":{},"s":{"0":1,"1":1,"2":44,"3":1,"4":1},"f":{"0":44},"b":{}}
,"/Users/shoaibshebi/Movies/ClaudeCodeMe/revolut-interview-prep/src/task3-global-state/store/selectors.ts": {"path":"/Users/shoaibshebi/Movies/ClaudeCodeMe/revolut-interview-prep/src/task3-global-state/store/selectors.ts","statementMap":{"0":{"start":{"line":1,"column":0},"end":{"line":1,"column":50}},"1":{"start":{"line":7,"column":29},"end":{"line":7,"column":66}},"2":{"start":{"line":7,"column":51},"end":{"line":7,"column":66}},"3":{"start":{"line":8,"column":19},"end":{"line":8,"column":61}},"4":{"start":{"line":8,"column":41},"end":{"line":8,"column":61}},"5":{"start":{"line":9,"column":21},"end":{"line":9,"column":65}},"6":{"start":{"line":9,"column":43},"end":{"line":9,"column":65}},"7":{"start":{"line":21,"column":13},"end":{"line":24,"column":2}},"8":{"start":{"line":23,"column":37},"end":{"line":23,"column":65}},"9":{"start":{"line":23,"column":56},"end":{"line":23,"column":64}},"10":{"start":{"line":26,"column":13},"end":{"line":26,"column":94}},"11":{"start":{"line":26,"column":79},"end":{"line":26,"column":92}},"12":{"start":{"line":29,"column":13},"end":{"line":33,"column":3}},"13":{"start":{"line":30,"column":2},"end":{"line":30,"column":35}},"14":{"start":{"line":30,"column":26},"end":{"line":30,"column":35}},"15":{"start":{"line":31,"column":16},"end":{"line":31,"column":64}},"16":{"start":{"line":31,"column":44},"end":{"line":31,"column":60}},"17":{"start":{"line":32,"column":2},"end":{"line":32,"column":51}},"18":{"start":{"line":41,"column":38},"end":{"line":42,"column":81}},"19":{"start":{"line":42,"column":2},"end":{"line":42,"column":81}},"20":{"start":{"line":42,"column":68},"end":{"line":42,"column":80}},"21":{"start":{"line":41,"column":13},"end":{"line":41,"column":38}},"22":{"start":{"line":44,"column":13},"end":{"line":44,"column":57}}},"fnMap":{"0":{"name":"(anonymous_0)","decl":{"start":{"line":7,"column":29},"end":{"line":7,"column":30}},"loc":{"start":{"line":7,"column":51},"end":{"line":7,"column":66}}},"1":{"name":"(anonymous_1)","decl":{"start":{"line":8,"column":19},"end":{"line":8,"column":20}},"loc":{"start":{"line":8,"column":41},"end":{"line":8,"column":61}}},"2":{"name":"(anonymous_2)","decl":{"start":{"line":9,"column":21},"end":{"line":9,"column":22}},"loc":{"start":{"line":9,"column":43},"end":{"line":9,"column":65}}},"3":{"name":"(anonymous_3)","decl":{"start":{"line":23,"column":2},"end":{"line":23,"column":3}},"loc":{"start":{"line":23,"column":37},"end":{"line":23,"column":65}}},"4":{"name":"(anonymous_4)","decl":{"start":{"line":23,"column":48},"end":{"line":23,"column":49}},"loc":{"start":{"line":23,"column":56},"end":{"line":23,"column":64}}},"5":{"name":"(anonymous_5)","decl":{"start":{"line":26,"column":67},"end":{"line":26,"column":68}},"loc":{"start":{"line":26,"column":79},"end":{"line":26,"column":92}}},"6":{"name":"(anonymous_6)","decl":{"start":{"line":29,"column":76},"end":{"line":29,"column":77}},"loc":{"start":{"line":29,"column":94},"end":{"line":33,"column":1}}},"7":{"name":"(anonymous_7)","decl":{"start":{"line":31,"column":29},"end":{"line":31,"column":30}},"loc":{"start":{"line":31,"column":44},"end":{"line":31,"column":60}}},"8":{"name":"(anonymous_8)","decl":{"start":{"line":41,"column":38},"end":{"line":41,"column":39}},"loc":{"start":{"line":42,"column":2},"end":{"line":42,"column":81}}},"9":{"name":"(anonymous_9)","decl":{"start":{"line":42,"column":31},"end":{"line":42,"column":32}},"loc":{"start":{"line":42,"column":68},"end":{"line":42,"column":80}}}},"branchMap":{"0":{"loc":{"start":{"line":30,"column":2},"end":{"line":30,"column":35}},"type":"if","locations":[{"start":{"line":30,"column":2},"end":{"line":30,"column":35}}]}},"s":{"0":2,"1":2,"2":0,"3":2,"4":15,"5":2,"6":26,"7":2,"8":9,"9":16,"10":2,"11":6,"12":2,"13":6,"14":2,"15":4,"16":8,"17":4,"18":2,"19":0,"20":0,"21":2,"22":2},"f":{"0":0,"1":15,"2":26,"3":9,"4":16,"5":6,"6":6,"7":8,"8":0,"9":0},"b":{"0":[2]}}
,"/Users/shoaibshebi/Movies/ClaudeCodeMe/revolut-interview-prep/src/task3-global-state/store/store.ts": {"path":"/Users/shoaibshebi/Movies/ClaudeCodeMe/revolut-interview-prep/src/task3-global-state/store/store.ts","statementMap":{"0":{"start":{"line":1,"column":0},"end":{"line":1,"column":50}},"1":{"start":{"line":2,"column":0},"end":{"line":2,"column":52}},"2":{"start":{"line":4,"column":13},"end":{"line":8,"column":3}}},"fnMap":{},"branchMap":{},"s":{"0":0,"1":0,"2":0},"f":{},"b":{}}
,"/Users/shoaibshebi/Movies/ClaudeCodeMe/revolut-interview-prep/src/task3-global-state/store/watchlistSlice.ts": {"path":"/Users/shoaibshebi/Movies/ClaudeCodeMe/revolut-interview-prep/src/task3-global-state/store/watchlistSlice.ts","statementMap":{"0":{"start":{"line":1,"column":0},"end":{"line":1,"column":67}},"1":{"start":{"line":4,"column":37},"end":{"line":10,"column":2}},"2":{"start":{"line":15,"column":23},"end":{"line":44,"column":2}},"3":{"start":{"line":21,"column":25},"end":{"line":21,"column":39}},"4":{"start":{"line":24,"column":6},"end":{"line":26,"column":7}},"5":{"start":{"line":25,"column":8},"end":{"line":25,"column":34}},"6":{"start":{"line":27,"column":6},"end":{"line":27,"column":42}},"7":{"start":{"line":31,"column":25},"end":{"line":31,"column":39}},"8":{"start":{"line":32,"column":6},"end":{"line":32,"column":32}},"9":{"start":{"line":33,"column":6},"end":{"line":33,"column":64}},"10":{"start":{"line":33,"column":49},"end":{"line":33,"column":62}},"11":{"start":{"line":37,"column":23},"end":{"line":37,"column":56}},"12":{"start":{"line":39,"column":6},"end":{"line":39,"column":28}},"13":{"start":{"line":39,"column":21},"end":{"line":39,"column":28}},"14":{"start":{"line":40,"column":6},"end":{"line":40,"column":44}},"15":{"start":{"line":41,"column":6},"end":{"line":41,"column":60}},"16":{"start":{"line":46,"column":13},"end":{"line":46,"column":56}},"17":{"start":{"line":47,"column":13},"end":{"line":47,"column":55}}},"fnMap":{"0":{"name":"(anonymous_0)","decl":{"start":{"line":20,"column":15},"end":{"line":20,"column":16}},"loc":{"start":{"line":20,"column":63},"end":{"line":28,"column":5}}},"1":{"name":"(anonymous_1)","decl":{"start":{"line":30,"column":18},"end":{"line":30,"column":19}},"loc":{"start":{"line":30,"column":71},"end":{"line":34,"column":5}}},"2":{"name":"(anonymous_2)","decl":{"start":{"line":33,"column":41},"end":{"line":33,"column":42}},"loc":{"start":{"line":33,"column":49},"end":{"line":33,"column":62}}},"3":{"name":"(anonymous_3)","decl":{"start":{"line":36,"column":17},"end":{"line":36,"column":18}},"loc":{"start":{"line":36,"column":108},"end":{"line":42,"column":5}}}},"branchMap":{"0":{"loc":{"start":{"line":24,"column":6},"end":{"line":26,"column":7}},"type":"if","locations":[{"start":{"line":24,"column":6},"end":{"line":26,"column":7}}]},"1":{"loc":{"start":{"line":39,"column":6},"end":{"line":39,"column":28}},"type":"if","locations":[{"start":{"line":39,"column":6},"end":{"line":39,"column":28}}]}},"s":{"0":3,"1":3,"2":3,"3":8,"4":8,"5":7,"6":8,"7":4,"8":4,"9":4,"10":6,"11":3,"12":3,"13":1,"14":2,"15":2,"16":3,"17":3},"f":{"0":8,"1":4,"2":6,"3":3},"b":{"0":[7],"1":[1]}}
,"/Users/shoaibshebi/Movies/ClaudeCodeMe/revolut-interview-prep/src/task4-complex-ux/CardSearch.tsx": {"path":"/Users/shoaibshebi/Movies/ClaudeCodeMe/revolut-interview-prep/src/task4-complex-ux/CardSearch.tsx","statementMap":{"0":{"start":{"line":10,"column":0},"end":{"line":10,"column":16}},"1":{"start":{"line":1,"column":0},"end":{"line":1,"column":49}},"2":{"start":{"line":2,"column":0},"end":{"line":2,"column":46}},"3":{"start":{"line":3,"column":0},"end":{"line":3,"column":36}},"4":{"start":{"line":11,"column":28},"end":{"line":11,"column":40}},"5":{"start":{"line":14,"column":44},"end":{"line":14,"column":73}},"6":{"start":{"line":15,"column":36},"end":{"line":15,"column":58}},"7":{"start":{"line":17,"column":23},"end":{"line":24,"column":3}},"8":{"start":{"line":18,"column":4},"end":{"line":18,"column":23}},"9":{"start":{"line":21,"column":4},"end":{"line":21,"column":26}},"10":{"start":{"line":21,"column":19},"end":{"line":21,"column":26}},"11":{"start":{"line":22,"column":4},"end":{"line":22,"column":28}},"12":{"start":{"line":23,"column":4},"end":{"line":23,"column":65}},"13":{"start":{"line":23,"column":20},"end":{"line":23,"column":63}},"14":{"start":{"line":26,"column":22},"end":{"line":28,"column":3}},"15":{"start":{"line":27,"column":4},"end":{"line":27,"column":65}},"16":{"start":{"line":27,"column":20},"end":{"line":27,"column":63}},"17":{"start":{"line":30,"column":2},"end":{"line":42,"column":4}},"18":{"start":{"line":34,"column":62},"end":{"line":34,"column":86}},"19":{"start":{"line":55,"column":2},"end":{"line":57,"column":3}},"20":{"start":{"line":56,"column":4},"end":{"line":56,"column":60}},"21":{"start":{"line":59,"column":2},"end":{"line":65,"column":3}},"22":{"start":{"line":60,"column":4},"end":{"line":64,"column":6}},"23":{"start":{"line":67,"column":2},"end":{"line":74,"column":3}},"24":{"start":{"line":68,"column":4},"end":{"line":73,"column":6}},"25":{"start":{"line":76,"column":2},"end":{"line":78,"column":3}},"26":{"start":{"line":77,"column":4},"end":{"line":77,"column":54}},"27":{"start":{"line":80,"column":2},"end":{"line":89,"column":4}},"28":{"start":{"line":83,"column":8},"end":{"line":83,"column":null}}},"fnMap":{"0":{"name":"CardSearch","decl":{"start":{"line":10,"column":16},"end":{"line":10,"column":26}},"loc":{"start":{"line":10,"column":63},"end":{"line":43,"column":1}}},"1":{"name":"(anonymous_1)","decl":{"start":{"line":17,"column":23},"end":{"line":17,"column":24}},"loc":{"start":{"line":17,"column":57},"end":{"line":24,"column":3}}},"2":{"name":"(anonymous_2)","decl":{"start":{"line":23,"column":8},"end":{"line":23,"column":9}},"loc":{"start":{"line":23,"column":20},"end":{"line":23,"column":63}}},"3":{"name":"(anonymous_3)","decl":{"start":{"line":26,"column":22},"end":{"line":26,"column":25}},"loc":{"start":{"line":26,"column":27},"end":{"line":28,"column":3}}},"4":{"name":"(anonymous_4)","decl":{"start":{"line":27,"column":8},"end":{"line":27,"column":9}},"loc":{"start":{"line":27,"column":20},"end":{"line":27,"column":63}}},"5":{"name":"(anonymous_5)","decl":{"start":{"line":34,"column":55},"end":{"line":34,"column":56}},"loc":{"start":{"line":34,"column":62},"end":{"line":34,"column":86}}},"6":{"name":"CardSearchResults","decl":{"start":{"line":54,"column":9},"end":{"line":54,"column":26}},"loc":{"start":{"line":54,"column":76},"end":{"line":90,"column":1}}},"7":{"name":"(anonymous_7)","decl":{"start":{"line":82,"column":22},"end":{"line":82,"column":23}},"loc":{"start":{"line":83,"column":8},"end":{"line":83,"column":null}}}},"branchMap":{"0":{"loc":{"start":{"line":10,"column":29},"end":{"line":10,"column":44}},"type":"default-arg","locations":[{"start":{"line":10,"column":43},"end":{"line":10,"column":44}}]},"1":{"loc":{"start":{"line":21,"column":4},"end":{"line":21,"column":26}},"type":"if","locations":[{"start":{"line":21,"column":4},"end":{"line":21,"column":26}}]},"2":{"loc":{"start":{"line":36,"column":11},"end":{"line":36,"column":48}},"type":"cond-expr","locations":[{"start":{"line":36,"column":23},"end":{"line":36,"column":37}},{"start":{"line":36,"column":40},"end":{"line":36,"column":48}}]},"3":{"loc":{"start":{"line":55,"column":2},"end":{"line":57,"column":3}},"type":"if","locations":[{"start":{"line":55,"column":2},"end":{"line":57,"column":3}}]},"4":{"loc":{"start":{"line":59,"column":2},"end":{"line":65,"column":3}},"type":"if","locations":[{"start":{"line":59,"column":2},"end":{"line":65,"column":3}}]},"5":{"loc":{"start":{"line":67,"column":2},"end":{"line":74,"column":3}},"type":"if","locations":[{"start":{"line":67,"column":2},"end":{"line":74,"column":3}}]},"6":{"loc":{"start":{"line":76,"column":2},"end":{"line":78,"column":3}},"type":"if","locations":[{"start":{"line":76,"column":2},"end":{"line":78,"column":3}}]},"7":{"loc":{"start":{"line":85,"column":11},"end":{"line":85,"column":37}},"type":"binary-expr","locations":[{"start":{"line":85,"column":11},"end":{"line":85,"column":22}},{"start":{"line":85,"column":26},"end":{"line":85,"column":37}}]}},"s":{"0":1,"1":1,"2":1,"3":1,"4":48,"5":48,"6":48,"7":48,"8":5,"9":5,"10":0,"11":5,"12":5,"13":5,"14":48,"15":1,"16":1,"17":48,"18":32,"19":48,"20":38,"21":10,"22":6,"23":4,"24":1,"25":3,"26":1,"27":2,"28":2},"f":{"0":48,"1":5,"2":5,"3":1,"4":1,"5":32,"6":48,"7":2},"b":{"0":[48],"1":[0],"2":[6,42],"3":[38],"4":[6],"5":[1],"6":[1],"7":[2,0]}}
,"/Users/shoaibshebi/Movies/ClaudeCodeMe/revolut-interview-prep/src/task4-complex-ux/api.ts": {"path":"/Users/shoaibshebi/Movies/ClaudeCodeMe/revolut-interview-prep/src/task4-complex-ux/api.ts","statementMap":{"0":{"start":{"line":10,"column":0},"end":{"line":10,"column":16}},"1":{"start":{"line":1,"column":0},"end":{"line":1,"column":52}},"2":{"start":{"line":4,"column":26},"end":{"line":8,"column":2}},"3":{"start":{"line":14,"column":18},"end":{"line":14,"column":107}},"4":{"start":{"line":14,"column":45},"end":{"line":14,"column":106}},"5":{"start":{"line":15,"column":2},"end":{"line":15,"column":115}}},"fnMap":{"0":{"name":"searchCards","decl":{"start":{"line":10,"column":16},"end":{"line":10,"column":27}},"loc":{"start":{"line":12,"column":62},"end":{"line":16,"column":1}}},"1":{"name":"(anonymous_1)","decl":{"start":{"line":14,"column":35},"end":{"line":14,"column":36}},"loc":{"start":{"line":14,"column":45},"end":{"line":14,"column":106}}}},"branchMap":{"0":{"loc":{"start":{"line":12,"column":2},"end":{"line":12,"column":62}},"type":"default-arg","locations":[{"start":{"line":12,"column":60},"end":{"line":12,"column":62}}]},"1":{"loc":{"start":{"line":15,"column":63},"end":{"line":15,"column":87}},"type":"binary-expr","locations":[{"start":{"line":15,"column":63},"end":{"line":15,"column":82}},{"start":{"line":15,"column":86},"end":{"line":15,"column":87}}]}},"s":{"0":1,"1":1,"2":1,"3":0,"4":0,"5":0},"f":{"0":0,"1":0},"b":{"0":[0],"1":[0,0]}}
,"/Users/shoaibshebi/Movies/ClaudeCodeMe/revolut-interview-prep/src/task4-complex-ux/useAsyncData.ts": {"path":"/Users/shoaibshebi/Movies/ClaudeCodeMe/revolut-interview-prep/src/task4-complex-ux/useAsyncData.ts","statementMap":{"0":{"start":{"line":11,"column":0},"end":{"line":11,"column":16}},"1":{"start":{"line":1,"column":0},"end":{"line":1,"column":54}},"2":{"start":{"line":2,"column":0},"end":{"line":2,"column":88}},"3":{"start":{"line":3,"column":0},"end":{"line":3,"column":52}},"4":{"start":{"line":12,"column":28},"end":{"line":12,"column":59}},"5":{"start":{"line":13,"column":29},"end":{"line":13,"column":65}},"6":{"start":{"line":17,"column":14},"end":{"line":33,"column":8}},"7":{"start":{"line":21,"column":4},"end":{"line":21,"column":40}},"8":{"start":{"line":22,"column":23},"end":{"line":22,"column":44}},"9":{"start":{"line":23,"column":4},"end":{"line":23,"column":44}},"10":{"start":{"line":25,"column":4},"end":{"line":25,"column":24}},"11":{"start":{"line":27,"column":4},"end":{"line":32,"column":9}},"12":{"start":{"line":28,"column":22},"end":{"line":28,"column":45}},"13":{"start":{"line":30,"column":8},"end":{"line":30,"column":81}},"14":{"start":{"line":30,"column":74},"end":{"line":30,"column":81}},"15":{"start":{"line":31,"column":8},"end":{"line":31,"column":50}},"16":{"start":{"line":35,"column":16},"end":{"line":38,"column":8}},"17":{"start":{"line":36,"column":4},"end":{"line":36,"column":40}},"18":{"start":{"line":37,"column":4},"end":{"line":37,"column":21}},"19":{"start":{"line":40,"column":2},"end":{"line":40,"column":70}}},"fnMap":{"0":{"name":"useAsyncData","decl":{"start":{"line":11,"column":16},"end":{"line":11,"column":28}},"loc":{"start":{"line":11,"column":28},"end":{"line":41,"column":1}}},"1":{"name":"(anonymous_1)","decl":{"start":{"line":17,"column":26},"end":{"line":17,"column":27}},"loc":{"start":{"line":17,"column":75},"end":{"line":33,"column":3}}},"2":{"name":"(anonymous_2)","decl":{"start":{"line":28,"column":12},"end":{"line":28,"column":13}},"loc":{"start":{"line":28,"column":22},"end":{"line":28,"column":45}}},"3":{"name":"(anonymous_3)","decl":{"start":{"line":29,"column":13},"end":{"line":29,"column":14}},"loc":{"start":{"line":29,"column":32},"end":{"line":32,"column":7}}},"4":{"name":"(anonymous_4)","decl":{"start":{"line":35,"column":28},"end":{"line":35,"column":31}},"loc":{"start":{"line":35,"column":33},"end":{"line":38,"column":3}}}},"branchMap":{"0":{"loc":{"start":{"line":30,"column":8},"end":{"line":30,"column":81}},"type":"if","locations":[{"start":{"line":30,"column":8},"end":{"line":30,"column":81}}]},"1":{"loc":{"start":{"line":30,"column":12},"end":{"line":30,"column":72}},"type":"binary-expr","locations":[{"start":{"line":30,"column":12},"end":{"line":30,"column":41}},{"start":{"line":30,"column":45},"end":{"line":30,"column":72}}]}},"s":{"0":2,"1":2,"2":2,"3":2,"4":63,"5":63,"6":63,"7":11,"8":11,"9":11,"10":11,"11":11,"12":6,"13":3,"14":1,"15":2,"16":63,"17":1,"18":1,"19":63},"f":{"0":63,"1":11,"2":6,"3":3,"4":1},"b":{"0":[1],"1":[3,1]}}
}
