{"/Users/shoaibshebi/Movies/ClaudeCodeMe/revolut-interview-prep/src/shared/mockApi.ts": {"path":"/Users/shoaibshebi/Movies/ClaudeCodeMe/revolut-interview-prep/src/shared/mockApi.ts","statementMap":{"0":{"start":{"line":37,"column":0},"end":{"line":37,"column":16}},"1":{"start":{"line":74,"column":0},"end":{"line":74,"column":16}},"2":{"start":{"line":81,"column":0},"end":{"line":81,"column":16}},"3":{"start":{"line":86,"column":0},"end":{"line":86,"column":16}},"4":{"start":{"line":91,"column":0},"end":{"line":91,"column":16}},"5":{"start":{"line":14,"column":4},"end":{"line":14,"column":19}},"6":{"start":{"line":11,"column":11},"end":{"line":11,"column":null}},"7":{"start":{"line":15,"column":4},"end":{"line":15,"column":27}},"8":{"start":{"line":16,"column":4},"end":{"line":16,"column":25}},"9":{"start":{"line":10,"column":0},"end":{"line":10,"column":13}},"10":{"start":{"line":38,"column":53},"end":{"line":38,"column":60}},"11":{"start":{"line":40,"column":2},"end":{"line":58,"column":5}},"12":{"start":{"line":41,"column":4},"end":{"line":44,"column":5}},"13":{"start":{"line":42,"column":6},"end":{"line":42,"column":56}},"14":{"start":{"line":43,"column":6},"end":{"line":43,"column":13}},"15":{"start":{"line":46,"column":18},"end":{"line":52,"column":15}},"16":{"start":{"line":47,"column":6},"end":{"line":50,"column":7}},"17":{"start":{"line":48,"column":8},"end":{"line":48,"column":71}},"18":{"start":{"line":49,"column":8},"end":{"line":49,"column":15}},"19":{"start":{"line":51,"column":6},"end":{"line":51,"column":20}},"20":{"start":{"line":54,"column":4},"end":{"line":57,"column":7}},"21":{"start":{"line":55,"column":6},"end":{"line":55,"column":26}},"22":{"start":{"line":56,"column":6},"end":{"line":56,"column":56}},"23":{"start":{"line":75,"column":2},"end":{"line":77,"column":5}},"24":{"start":{"line":76,"column":4},"end":{"line":76,"column":45}},"25":{"start":{"line":76,"column":21},"end":{"line":76,"column":34}},"26":{"start":{"line":82,"column":2},"end":{"line":82,"column":35}},"27":{"start":{"line":87,"column":2},"end":{"line":87,"column":32}},"28":{"start":{"line":92,"column":2},"end":{"line":92,"column":46}},"29":{"start":{"line":92,"column":25},"end":{"line":92,"column":46}},"30":{"start":{"line":93,"column":2},"end":{"line":93,"column":43}},"31":{"start":{"line":93,"column":22},"end":{"line":93,"column":43}},"32":{"start":{"line":94,"column":2},"end":{"line":94,"column":51}}},"fnMap":{"0":{"name":"(anonymous_0)","decl":{"start":{"line":13,"column":2},"end":{"line":13,"column":14}},"loc":{"start":{"line":13,"column":45},"end":{"line":17,"column":3}}},"1":{"name":"simulateRequest","decl":{"start":{"line":37,"column":16},"end":{"line":37,"column":31}},"loc":{"start":{"line":37,"column":73},"end":{"line":59,"column":1}}},"2":{"name":"(anonymous_2)","decl":{"start":{"line":40,"column":24},"end":{"line":40,"column":25}},"loc":{"start":{"line":40,"column":44},"end":{"line":58,"column":3}}},"3":{"name":"(anonymous_3)","decl":{"start":{"line":46,"column":29},"end":{"line":46,"column":32}},"loc":{"start":{"line":46,"column":34},"end":{"line":52,"column":5}}},"4":{"name":"(anonymous_4)","decl":{"start":{"line":54,"column":38},"end":{"line":54,"column":41}},"loc":{"start":{"line":54,"column":43},"end":{"line":57,"column":5}}},"5":{"name":"simulateRequestSimple","decl":{"start":{"line":74,"column":16},"end":{"line":74,"column":37}},"loc":{"start":{"line":74,"column":63},"end":{"line":78,"column":1}}},"6":{"name":"(anonymous_6)","decl":{"start":{"line":75,"column":24},"end":{"line":75,"column":25}},"loc":{"start":{"line":75,"column":36},"end":{"line":77,"column":3}}},"7":{"name":"(anonymous_7)","decl":{"start":{"line":76,"column":15},"end":{"line":76,"column":18}},"loc":{"start":{"line":76,"column":21},"end":{"line":76,"column":34}}},"8":{"name":"isApiError","decl":{"start":{"line":81,"column":16},"end":{"line":81,"column":26}},"loc":{"start":{"line":81,"column":41},"end":{"line":83,"column":1}}},"9":{"name":"isError","decl":{"start":{"line":86,"column":16},"end":{"line":86,"column":23}},"loc":{"start":{"line":86,"column":38},"end":{"line":88,"column":1}}},"10":{"name":"getErrorMessage","decl":{"start":{"line":91,"column":16},"end":{"line":91,"column":31}},"loc":{"start":{"line":91,"column":46},"end":{"line":95,"column":1}}}},"branchMap":{"0":{"loc":{"start":{"line":37,"column":44},"end":{"line":37,"column":73}},"type":"default-arg","locations":[{"start":{"line":37,"column":71},"end":{"line":37,"column":73}}]},"1":{"loc":{"start":{"line":38,"column":10},"end":{"line":38,"column":23}},"type":"default-arg","locations":[{"start":{"line":38,"column":20},"end":{"line":38,"column":23}}]},"2":{"loc":{"start":{"line":38,"column":25},"end":{"line":38,"column":40}},"type":"default-arg","locations":[{"start":{"line":38,"column":39},"end":{"line":38,"column":40}}]},"3":{"loc":{"start":{"line":41,"column":4},"end":{"line":44,"column":5}},"type":"if","locations":[{"start":{"line":41,"column":4},"end":{"line":44,"column":5}}]},"4":{"loc":{"start":{"line":47,"column":6},"end":{"line":50,"column":7}},"type":"if","locations":[{"start":{"line":47,"column":6},"end":{"line":50,"column":7}}]},"5":{"loc":{"start":{"line":74,"column":50},"end":{"line":74,"column":63}},"type":"default-arg","locations":[{"start":{"line":74,"column":60},"end":{"line":74,"column":63}}]},"6":{"loc":{"start":{"line":92,"column":2},"end":{"line":92,"column":46}},"type":"if","locations":[{"start":{"line":92,"column":2},"end":{"line":92,"column":46}}]},"7":{"loc":{"start":{"line":93,"column":2},"end":{"line":93,"column":43}},"type":"if","locations":[{"start":{"line":93,"column":2},"end":{"line":93,"column":43}}]}},"s":{"0":1,"1":1,"2":1,"3":1,"4":1,"5":3,"6":3,"7":3,"8":3,"9":1,"10":4,"11":4,"12":4,"13":1,"14":1,"15":3,"16":2,"17":1,"18":1,"19":1,"20":3,"21":1,"22":1,"23":2,"24":2,"25":2,"26":7,"27":6,"28":4,"29":1,"30":3,"31":1,"32":2},"f":{"0":3,"1":4,"2":4,"3":2,"4":1,"5":2,"6":2,"7":2,"8":7,"9":6,"10":4},"b":{"0":[0],"1":[1],"2":[3],"3":[1],"4":[1],"5":[0],"6":[1],"7":[1]}}
}
