TN:
SF:src/shared/mockApi.ts
FN:13,(anonymous_0)
FN:37,simulateRequest
FN:40,(anonymous_2)
FN:46,(anonymous_3)
FN:54,(anonymous_4)
FN:74,simulateRequestSimple
FN:75,(anonymous_6)
FN:76,(anonymous_7)
FN:81,isApiError
FN:86,isError
FN:91,getErrorMessage
FNF:11
FNH:11
FNDA:3,(anonymous_0)
FNDA:4,simulateRequest
FNDA:4,(anonymous_2)
FNDA:2,(anonymous_3)
FNDA:1,(anonymous_4)
FNDA:2,simulateRequestSimple
FNDA:2,(anonymous_6)
FNDA:2,(anonymous_7)
FNDA:7,isApiError
FNDA:6,isError
FNDA:4,getErrorMessage
DA:10,1
DA:11,3
DA:14,3
DA:15,3
DA:16,3
DA:37,1
DA:38,4
DA:40,4
DA:41,4
DA:42,1
DA:43,1
DA:46,3
DA:47,2
DA:48,1
DA:49,1
DA:51,1
DA:54,3
DA:55,1
DA:56,1
DA:74,1
DA:75,2
DA:76,2
DA:81,1
DA:82,7
DA:86,1
DA:87,6
DA:91,1
DA:92,4
DA:93,3
DA:94,2
LF:30
LH:30
BRDA:37,0,0,0
BRDA:38,1,0,1
BRDA:38,2,0,3
BRDA:41,3,0,1
BRDA:47,4,0,1
BRDA:74,5,0,0
BRDA:92,6,0,1
BRDA:93,7,0,1
BRF:8
BRH:6
end_of_record
