TN:
SF:src/App.tsx
FN:21,App
FN:28,(anonymous_1)
FN:31,(anonymous_2)
FNF:3
FNH:0
FNDA:0,App
FNDA:0,(anonymous_1)
FNDA:0,(anonymous_2)
DA:1,0
DA:2,0
DA:3,0
DA:4,0
DA:5,0
DA:6,0
DA:7,0
DA:14,0
DA:22,0
DA:24,0
DA:29,0
DA:31,0
DA:51,0
LF:13
LH:0
BRDA:39,0,0,0
BRDA:39,0,1,0
BRDA:40,1,0,0
BRDA:40,1,1,0
BRDA:41,2,0,0
BRDA:41,2,1,0
BRDA:46,3,0,0
BRDA:46,3,1,0
BRF:8
BRH:0
end_of_record
TN:
SF:src/shared/asyncState.ts
FN:20,(anonymous_0)
FN:21,(anonymous_1)
FN:22,(anonymous_2)
FN:23,(anonymous_3)
FNF:4
FNH:4
FNDA:91,(anonymous_0)
FNDA:21,(anonymous_1)
FNDA:12,(anonymous_2)
FNDA:5,(anonymous_3)
DA:20,91
DA:21,21
DA:22,12
DA:23,5
LF:4
LH:4
BRF:0
BRH:0
end_of_record
TN:
SF:src/shared/mockApi.ts
FN:13,(anonymous_0)
FN:37,simulateRequest
FN:40,(anonymous_2)
FN:46,(anonymous_3)
FN:54,(anonymous_4)
FN:62,isApiError
FN:67,isError
FN:72,getErrorMessage
FNF:8
FNH:8
FNDA:3,(anonymous_0)
FNDA:4,simulateRequest
FNDA:4,(anonymous_2)
FNDA:2,(anonymous_3)
FNDA:1,(anonymous_4)
FNDA:13,isApiError
FNDA:12,isError
FNDA:10,getErrorMessage
DA:10,10
DA:11,3
DA:14,3
DA:15,3
DA:16,3
DA:37,10
DA:38,4
DA:40,4
DA:41,4
DA:42,1
DA:43,1
DA:46,3
DA:47,2
DA:48,1
DA:49,1
DA:51,1
DA:54,3
DA:55,1
DA:56,1
DA:62,10
DA:63,13
DA:67,10
DA:68,12
DA:72,10
DA:73,10
DA:74,9
DA:75,2
LF:27
LH:27
BRDA:37,0,0,0
BRDA:38,1,0,1
BRDA:38,2,0,3
BRDA:41,3,0,1
BRDA:47,4,0,1
BRDA:73,5,0,1
BRDA:74,6,0,7
BRF:7
BRH:6
end_of_record
TN:
SF:src/task1-fetch-list/TransactionList.tsx
FN:14,TransactionList
FN:51,(anonymous_1)
FN:59,TransactionRow
FNF:3
FNH:3
FNDA:13,TransactionList
FNDA:3,(anonymous_1)
FNDA:3,TransactionRow
DA:1,1
DA:14,1
DA:15,13
DA:17,13
DA:18,9
DA:25,4
DA:26,1
DA:36,3
DA:37,1
DA:40,2
DA:52,3
DA:60,3
DA:61,3
LF:13
LH:13
BRDA:14,0,0,13
BRDA:17,1,0,9
BRDA:17,2,0,13
BRDA:17,2,1,9
BRDA:25,3,0,1
BRDA:36,4,0,1
BRDA:60,5,0,3
BRDA:60,5,1,0
BRDA:69,6,0,3
BRDA:69,6,1,0
BRF:10
BRH:8
end_of_record
TN:
SF:src/task1-fetch-list/api.ts
FN:21,fetchTransactions
FNF:1
FNH:0
FNDA:0,fetchTransactions
DA:1,2
DA:4,2
DA:21,2
DA:25,0
LF:4
LH:3
BRDA:21,0,0,0
BRDA:23,1,0,0
BRF:2
BRH:0
end_of_record
TN:
SF:src/task1-fetch-list/useTransactions.ts
FN:13,useTransactions
FN:20,(anonymous_1)
FN:30,(anonymous_2)
FN:31,(anonymous_3)
FN:39,(anonymous_4)
FN:42,(anonymous_5)
FNF:6
FNH:6
FNDA:27,useTransactions
FNDA:10,(anonymous_1)
FNDA:6,(anonymous_2)
FNDA:3,(anonymous_3)
FNDA:8,(anonymous_4)
FNDA:8,(anonymous_5)
DA:1,2
DA:2,2
DA:3,2
DA:4,2
DA:13,2
DA:14,27
DA:18,27
DA:20,27
DA:23,10
DA:24,10
DA:25,10
DA:27,10
DA:29,10
DA:30,6
DA:34,3
DA:35,3
DA:39,27
DA:40,8
DA:42,8
DA:45,27
LF:20
LH:20
BRDA:13,0,0,14
BRDA:34,1,0,0
BRDA:34,2,0,3
BRDA:34,2,1,0
BRF:4
BRH:2
end_of_record
TN:
SF:src/task2-form-validation/SendMoneyForm.tsx
FN:7,SendMoneyForm
FN:13,(anonymous_1)
FN:13,(anonymous_2)
FN:17,(anonymous_3)
FN:67,(anonymous_4)
FN:69,(anonymous_5)
FNF:6
FNH:5
FNDA:63,SendMoneyForm
FNDA:186,(anonymous_1)
FNDA:54,(anonymous_2)
FNDA:3,(anonymous_3)
FNDA:0,(anonymous_4)
FNDA:248,(anonymous_5)
DA:2,1
DA:5,1
DA:7,1
DA:8,63
DA:13,186
DA:14,54
DA:17,63
DA:18,3
DA:19,3
DA:22,63
DA:23,1
DA:33,62
DA:67,0
DA:70,248
LF:14
LH:13
BRDA:22,0,0,1
BRDA:43,1,0,43
BRDA:43,1,1,19
BRDA:45,2,0,62
BRDA:45,2,1,43
BRDA:57,3,0,1
BRDA:57,3,1,61
BRDA:59,4,0,62
BRDA:59,4,1,1
BRDA:80,5,0,62
BRDA:80,5,1,0
BRDA:83,6,0,62
BRDA:83,6,1,1
BRDA:86,7,0,2
BRDA:86,7,1,60
BRF:15
BRH:14
end_of_record
TN:
SF:src/task2-form-validation/api.ts
FN:6,submitSendMoney
FNF:1
FNH:0
FNDA:0,submitSendMoney
DA:1,1
DA:4,1
DA:6,1
DA:10,0
DA:11,0
DA:17,0
LF:6
LH:3
BRDA:8,0,0,0
BRDA:17,1,0,0
BRDA:17,1,1,0
BRF:3
BRH:0
end_of_record
TN:
SF:src/task2-form-validation/useSendMoneyForm.ts
FN:27,useSendMoneyForm
FN:37,(anonymous_1)
FN:38,(anonymous_2)
FN:52,(anonymous_3)
FN:56,(anonymous_4)
FN:62,(anonymous_5)
FN:66,(anonymous_6)
FN:68,(anonymous_7)
FNF:8
FNH:8
FNDA:63,useSendMoneyForm
FNDA:54,(anonymous_1)
FNDA:54,(anonymous_2)
FNDA:3,(anonymous_3)
FNDA:1,(anonymous_4)
FNDA:2,(anonymous_5)
FNDA:1,(anonymous_6)
FNDA:1,(anonymous_7)
DA:1,1
DA:2,1
DA:3,1
DA:4,1
DA:7,1
DA:27,1
DA:28,63
DA:37,63
DA:38,54
DA:39,54
DA:40,54
DA:41,54
DA:52,63
DA:53,3
DA:55,3
DA:56,1
DA:57,1
DA:61,2
DA:62,2
DA:64,2
DA:65,2
DA:66,1
DA:68,1
DA:72,63
LF:24
LH:24
BRDA:55,0,0,1
BRDA:61,1,0,0
BRF:2
BRH:1
end_of_record
TN:
SF:src/task2-form-validation/validation.ts
FN:14,isValidAmount
FN:19,isValidEmail
FN:28,validateField
FN:53,validateAll
FN:55,(anonymous_4)
FN:63,isFormValid
FN:64,(anonymous_6)
FNF:7
FNH:7
FNDA:19,isValidAmount
FNDA:58,isValidEmail
FNDA:78,validateField
FNDA:5,validateAll
FNDA:20,(anonymous_4)
FNDA:5,isFormValid
FNDA:2,(anonymous_6)
DA:3,2
DA:4,2
DA:14,2
DA:15,19
DA:16,19
DA:19,2
DA:20,58
DA:28,2
DA:29,78
DA:31,55
DA:32,52
DA:33,9
DA:36,12
DA:37,11
DA:38,10
DA:41,5
DA:45,6
DA:48,0
DA:53,2
DA:54,5
DA:55,5
DA:56,20
DA:57,20
DA:59,5
DA:63,2
DA:64,5
LF:26
LH:25
BRDA:16,0,0,19
BRDA:16,0,1,18
BRDA:16,0,2,17
BRDA:16,0,3,14
BRDA:29,1,0,55
BRDA:29,1,1,12
BRDA:29,1,2,5
BRDA:29,1,3,6
BRDA:29,1,4,0
BRDA:31,2,0,3
BRDA:32,3,0,43
BRDA:36,4,0,1
BRDA:37,5,0,1
BRDA:41,6,0,5
BRDA:41,6,1,0
BRDA:45,7,0,1
BRDA:45,7,1,5
BRDA:57,8,0,4
BRF:18
BRH:16
end_of_record
TN:
SF:src/task3-global-state/WatchlistApp.tsx
FN:12,WatchlistApp
FN:22,WatchlistSummary
FN:36,AddSymbolForm
FN:41,(anonymous_3)
FN:54,(anonymous_4)
FN:57,(anonymous_5)
FN:64,WatchlistTable
FN:75,(anonymous_7)
FN:81,(anonymous_8)
FNF:9
FNH:9
FNDA:4,WatchlistApp
FNDA:7,WatchlistSummary
FNDA:37,AddSymbolForm
FNDA:2,(anonymous_3)
FNDA:14,(anonymous_4)
FNDA:18,(anonymous_5)
FNDA:7,WatchlistTable
FNDA:12,(anonymous_7)
FNDA:2,(anonymous_8)
DA:1,1
DA:2,1
DA:3,1
DA:4,1
DA:12,1
DA:13,4
DA:26,7
DA:27,7
DA:29,7
DA:37,37
DA:38,37
DA:39,37
DA:41,37
DA:42,2
DA:43,2
DA:44,2
DA:46,1
DA:47,1
DA:48,1
DA:51,37
DA:54,14
DA:57,18
DA:65,7
DA:66,7
DA:68,7
DA:69,1
DA:72,6
DA:76,12
DA:81,2
LF:29
LH:29
BRDA:31,0,0,1
BRDA:31,0,1,6
BRDA:44,1,0,1
BRDA:44,2,0,2
BRDA:44,2,1,2
BRDA:44,2,2,1
BRDA:68,3,0,1
BRDA:79,4,0,6
BRDA:79,4,1,6
BRF:9
BRH:9
end_of_record
TN:
SF:src/task3-global-state/store/hooks.ts
FN:11,(anonymous_0)
FNF:1
FNH:1
FNDA:44,(anonymous_0)
DA:1,1
DA:11,44
DA:12,1
LF:3
LH:3
BRF:0
BRH:0
end_of_record
TN:
SF:src/task3-global-state/store/selectors.ts
FN:7,(anonymous_0)
FN:8,(anonymous_1)
FN:9,(anonymous_2)
FN:23,(anonymous_3)
FN:23,(anonymous_4)
FN:26,(anonymous_5)
FN:29,(anonymous_6)
FN:31,(anonymous_7)
FN:41,(anonymous_8)
FN:42,(anonymous_9)
FNF:10
FNH:7
FNDA:0,(anonymous_0)
FNDA:15,(anonymous_1)
FNDA:26,(anonymous_2)
FNDA:9,(anonymous_3)
FNDA:16,(anonymous_4)
FNDA:6,(anonymous_5)
FNDA:6,(anonymous_6)
FNDA:8,(anonymous_7)
FNDA:0,(anonymous_8)
FNDA:0,(anonymous_9)
DA:1,2
DA:7,2
DA:8,15
DA:9,26
DA:21,2
DA:23,16
DA:26,6
DA:29,2
DA:30,6
DA:31,8
DA:32,4
DA:41,2
DA:42,0
DA:44,2
LF:14
LH:13
BRDA:30,0,0,2
BRF:1
BRH:1
end_of_record
TN:
SF:src/task3-global-state/store/store.ts
FNF:0
FNH:0
DA:1,0
DA:2,0
DA:4,0
LF:3
LH:0
BRF:0
BRH:0
end_of_record
TN:
SF:src/task3-global-state/store/watchlistSlice.ts
FN:20,(anonymous_0)
FN:30,(anonymous_1)
FN:33,(anonymous_2)
FN:36,(anonymous_3)
FNF:4
FNH:4
FNDA:8,(anonymous_0)
FNDA:4,(anonymous_1)
FNDA:6,(anonymous_2)
FNDA:3,(anonymous_3)
DA:1,3
DA:4,3
DA:15,3
DA:21,8
DA:24,8
DA:25,7
DA:27,8
DA:31,4
DA:32,4
DA:33,6
DA:37,3
DA:39,3
DA:40,2
DA:41,2
DA:46,3
DA:47,3
LF:16
LH:16
BRDA:24,0,0,7
BRDA:39,1,0,1
BRF:2
BRH:2
end_of_record
TN:
SF:src/task4-complex-ux/CardSearch.tsx
FN:10,CardSearch
FN:17,(anonymous_1)
FN:23,(anonymous_2)
FN:26,(anonymous_3)
FN:27,(anonymous_4)
FN:34,(anonymous_5)
FN:54,CardSearchResults
FN:82,(anonymous_7)
FNF:8
FNH:8
FNDA:48,CardSearch
FNDA:5,(anonymous_1)
FNDA:5,(anonymous_2)
FNDA:1,(anonymous_3)
FNDA:1,(anonymous_4)
FNDA:32,(anonymous_5)
FNDA:48,CardSearchResults
FNDA:2,(anonymous_7)
DA:1,1
DA:2,1
DA:3,1
DA:10,1
DA:11,48
DA:14,48
DA:15,48
DA:17,48
DA:18,5
DA:21,5
DA:22,5
DA:23,5
DA:26,48
DA:27,1
DA:30,48
DA:34,32
DA:55,48
DA:56,38
DA:59,10
DA:60,6
DA:67,4
DA:68,1
DA:76,3
DA:77,1
DA:80,2
DA:83,2
LF:26
LH:26
BRDA:10,0,0,48
BRDA:21,1,0,0
BRDA:36,2,0,6
BRDA:36,2,1,42
BRDA:55,3,0,38
BRDA:59,4,0,6
BRDA:67,5,0,1
BRDA:76,6,0,1
BRDA:85,7,0,2
BRDA:85,7,1,0
BRF:10
BRH:8
end_of_record
TN:
SF:src/task4-complex-ux/api.ts
FN:10,searchCards
FN:14,(anonymous_1)
FNF:2
FNH:0
FNDA:0,searchCards
FNDA:0,(anonymous_1)
DA:1,1
DA:4,1
DA:10,1
DA:14,0
DA:15,0
LF:5
LH:3
BRDA:12,0,0,0
BRDA:15,1,0,0
BRDA:15,1,1,0
BRF:3
BRH:0
end_of_record
TN:
SF:src/task4-complex-ux/useAsyncData.ts
FN:11,useAsyncData
FN:17,(anonymous_1)
FN:28,(anonymous_2)
FN:29,(anonymous_3)
FN:35,(anonymous_4)
FNF:5
FNH:5
FNDA:63,useAsyncData
FNDA:11,(anonymous_1)
FNDA:6,(anonymous_2)
FNDA:3,(anonymous_3)
FNDA:1,(anonymous_4)
DA:1,2
DA:2,2
DA:3,2
DA:11,2
DA:12,63
DA:13,63
DA:17,63
DA:21,11
DA:22,11
DA:23,11
DA:25,11
DA:27,11
DA:28,6
DA:30,3
DA:31,2
DA:35,63
DA:36,1
DA:37,1
DA:40,63
LF:19
LH:19
BRDA:30,0,0,1
BRDA:30,1,0,3
BRDA:30,1,1,1
BRF:3
BRH:3
end_of_record
